<?xml version="1.0" encoding="UTF-8"?>
<!-- Generated by org.testng.reporters.JUnitXMLReporter -->
<testsuite ignored="0" hostname="DESKTOP-IRH4MJQ" failures="0" tests="3" name="Surefire test" time="0.044" errors="0" timestamp="2026-04-26T15:45:14 IST">
  <testcase classname="pgm1.pgm1.ResultTest" name="TestPass" time="0.006"/>
  <testcase classname="pgm1.pgm1.ResultTest" name="testFail" time="0.001"/>
  <testcase classname="pgm1.pgm1.ResultTest" name="testPass" time="0.0"/>
</testsuite> <!-- Surefire test -->
