<?xml version="1.0" encoding="UTF-8"?>
<testng-results ignored="0" total="3" passed="3" failed="0" skipped="0">
  <reporter-output>
  </reporter-output>
  <suite started-at="2026-04-26T15:45:14 IST" name="Surefire suite" finished-at="2026-04-26T15:45:14 IST" duration-ms="44">
    <groups>
    </groups>
    <test started-at="2026-04-26T15:45:14 IST" name="Surefire test" finished-at="2026-04-26T15:45:14 IST" duration-ms="44">
      <class name="pgm1.pgm1.ResultTest">
        <test-method signature="TestPass()[pri:0, instance:pgm1.pgm1.ResultTest@429bd883]" started-at="2026-04-26T15:45:14 IST" name="TestPass" finished-at="2026-04-26T15:45:14 IST" duration-ms="6" status="PASS">
          <reporter-output>
          </reporter-output>
        </test-method> <!-- TestPass -->
        <test-method signature="testFail()[pri:0, instance:pgm1.pgm1.ResultTest@429bd883]" started-at="2026-04-26T15:45:14 IST" name="testFail" finished-at="2026-04-26T15:45:14 IST" duration-ms="1" status="PASS">
          <reporter-output>
          </reporter-output>
        </test-method> <!-- testFail -->
        <test-method signature="testPass()[pri:0, instance:pgm1.pgm1.ResultTest@429bd883]" started-at="2026-04-26T15:45:14 IST" name="testPass" finished-at="2026-04-26T15:45:14 IST" duration-ms="0" status="PASS">
          <reporter-output>
          </reporter-output>
        </test-method> <!-- testPass -->
      </class> <!-- pgm1.pgm1.ResultTest -->
    </test> <!-- Surefire test -->
  </suite> <!-- Surefire suite -->
</testng-results>
